<?xml version="1.0" encoding="UTF-8"?>
<!-- Generated by org.testng.reporters.JUnitXMLReporter -->
<testsuite hostname="DESKTOP-ISVI368" ignored="0" name="Test1" tests="3" failures="2" timestamp="17 Oct 2022 07:23:42 GMT" time="31.096" errors="0">
  <testcase name="gamil" time="31.079" classname="org.sample.Newparameters"/>
  <testcase name="gamila" time="0.0" classname="org.sample.Newparameters">
    <failure type="org.testng.TestNGException" message="
Cannot inject @Test annotated Method [gamila] with [class java.lang.String, class java.lang.String].
For more information on native dependency injection please refer to http://testng.org/doc/documentation-main.html#native-dependency-injection">
      <![CDATA[org.testng.TestNGException: 
Cannot inject @Test annotated Method [gamila] with [class java.lang.String, class java.lang.String].
For more information on native dependency injection please refer to http://testng.org/doc/documentation-main.html#native-dependency-injection
... Removed 24 stack frames]]>
    </failure>
  </testcase> <!-- gamila -->
  <testcase name="gamilb" time="0.0" classname="org.sample.Newparameters">
    <failure type="org.testng.TestNGException" message="
Cannot inject @Test annotated Method [gamilb] with [class java.lang.String, class java.lang.String].
For more information on native dependency injection please refer to http://testng.org/doc/documentation-main.html#native-dependency-injection">
      <![CDATA[org.testng.TestNGException: 
Cannot inject @Test annotated Method [gamilb] with [class java.lang.String, class java.lang.String].
For more information on native dependency injection please refer to http://testng.org/doc/documentation-main.html#native-dependency-injection
... Removed 24 stack frames]]>
    </failure>
  </testcase> <!-- gamilb -->
</testsuite> <!-- Test1 -->
