<?xml version="1.0" encoding="UTF-8"?>
<testng-results skipped="0" failed="0" ignored="0" total="1" passed="1">
  <reporter-output>
  </reporter-output>
  <suite name="Default suite" duration-ms="19250" started-at="2022-11-21T13:02:16Z" finished-at="2022-11-21T13:02:35Z">
    <groups>
    </groups>
    <test name="Default test" duration-ms="19250" started-at="2022-11-21T13:02:16Z" finished-at="2022-11-21T13:02:35Z">
      <class name="testNG.Testngtask">
        <test-method status="PASS" signature="ngtest()[pri:0, instance:testNG.Testngtask@1bce4f0a]" name="ngtest" duration-ms="19198" started-at="2022-11-21T13:02:16Z" finished-at="2022-11-21T13:02:35Z">
          <reporter-output>
          </reporter-output>
        </test-method> <!-- ngtest -->
      </class> <!-- testNG.Testngtask -->
    </test> <!-- Default test -->
  </suite> <!-- Default suite -->
</testng-results>
